<?xml version="1.0"?><coverage lines-covered="2435" lines-valid="4696" line-rate="0.518526405451448" branches-covered="0" branches-valid="0" branch-rate="0" complexity="0" version="1.9" timestamp="1724670234"><sources><source>/Users/josephgabino/Desktop/KORE-LEDGER/kore</source></sources><packages><package name="kore-base/src/request" line-rate="0.5217391304347826" branch-rate="0" complexity="0"><classes><class name="handler" filename="kore-base/src/request/handler.rs" line-rate="0.5373134328358209" branch-rate="0" complexity="0"><methods/><lines><line number="34" hits="1"/><line number="35" hits="2"/><line number="38" hits="1"/><line number="44" hits="1"/><line number="50" hits="1"/><line number="51" hits="0"/><line number="52" hits="0"/><line number="53" hits="0"/><line number="57" hits="1"/><line number="59" hits="0"/><line number="60" hits="0"/><line number="61" hits="0"/><line number="67" hits="2"/><line number="69" hits="0"/><line number="70" hits="0"/><line number="71" hits="0"/><line number="72" hits="0"/><line number="79" hits="0"/><line number="80" hits="0"/><line number="81" hits="0"/><line number="86" hits="1"/><line number="87" hits="1"/><line number="88" hits="1"/><line number="89" hits="1"/><line number="91" hits="0"/><line number="94" hits="0"/><line number="95" hits="0"/><line number="96" hits="0"/><line number="100" hits="1"/><line number="105" hits="0"/><line number="111" hits="0"/><line number="112" hits="0"/><line number="113" hits="0"/><line number="114" hits="0"/><line number="119" hits="0"/><line number="120" hits="0"/><line number="121" hits="0"/><line number="122" hits="0"/><line number="126" hits="0"/><line number="179" hits="3"/><line number="181" hits="3"/><line number="182" hits="2"/><line number="190" hits="0"/><line number="191" hits="0"/><line number="205" hits="2"/><line number="206" hits="2"/><line number="207" hits="3"/><line number="208" hits="2"/><line number="210" hits="1"/><line number="211" hits="1"/><line number="222" hits="2"/><line number="223" hits="2"/><line number="224" hits="2"/><line number="225" hits="2"/><line number="226" hits="3"/><line number="228" hits="1"/><line number="231" hits="1"/><line number="233" hits="3"/><line number="234" hits="1"/><line number="235" hits="1"/><line number="238" hits="2"/><line number="245" hits="2"/><line number="246" hits="2"/><line number="247" hits="2"/><line number="248" hits="2"/><line number="250" hits="0"/><line number="251" hits="0"/></lines></class><class name="state" filename="kore-base/src/request/state.rs" line-rate="0" branch-rate="0" complexity="0"><methods/><lines><line number="31" hits="0"/><line number="34" hits="0"/></lines></class></classes></package><package name="kore-base/src/helpers" line-rate="0.6274509803921569" branch-rate="0" complexity="0"><classes><class name="encrypted_pass" filename="kore-base/src/helpers/encrypted_pass.rs" line-rate="0.8947368421052632" branch-rate="0" complexity="0"><methods/><lines><line number="20" hits="7"/><line number="21" hits="7"/><line number="23" hits="7"/><line number="24" hits="7"/><line number="26" hits="7"/><line number="27" hits="7"/><line number="29" hits="7"/><line number="30" hits="7"/><line number="31" hits="7"/><line number="33" hits="14"/><line number="35" hits="7"/><line number="36" hits="0"/><line number="38" hits="7"/><line number="41" hits="18"/><line number="42" hits="36"/><line number="47" hits="0"/><line number="54" hits="9"/><line number="55" hits="9"/><line number="56" hits="18"/></lines></class></classes></package><package name="kore-base/src/helpers/network" line-rate="0.5662650602409639" branch-rate="0" complexity="0"><classes><class name="intermediary" filename="kore-base/src/helpers/network/intermediary.rs" line-rate="0.5333333333333333" branch-rate="0" complexity="0"><methods/><lines><line number="28" hits="2"/><line number="34" hits="2"/><line number="36" hits="2"/><line number="44" hits="2"/><line number="47" hits="2"/><line number="48" hits="2"/><line number="51" hits="2"/><line number="55" hits="2"/><line number="57" hits="4"/><line number="58" hits="8"/><line number="59" hits="8"/><line number="76" hits="2"/><line number="79" hits="6"/><line number="83" hits="6"/><line number="84" hits="4"/><line number="91" hits="4"/><line number="92" hits="0"/><line number="93" hits="0"/><line number="96" hits="0"/><line number="102" hits="0"/><line number="104" hits="0"/><line number="105" hits="0"/><line number="106" hits="0"/><line number="110" hits="2"/><line number="111" hits="2"/><line number="112" hits="2"/><line number="114" hits="2"/><line number="115" hits="2"/><line number="117" hits="0"/><line number="118" hits="0"/><line number="119" hits="0"/><line number="120" hits="0"/><line number="126" hits="1"/><line number="128" hits="1"/><line number="129" hits="1"/><line number="131" hits="1"/><line number="132" hits="0"/><line number="135" hits="2"/><line number="136" hits="0"/><line number="141" hits="0"/><line number="143" hits="0"/><line number="144" hits="0"/><line number="145" hits="0"/><line number="149" hits="0"/><line number="150" hits="0"/><line number="151" hits="0"/><line number="155" hits="1"/><line number="157" hits="1"/><line number="158" hits="1"/><line number="160" hits="1"/><line number="161" hits="1"/><line number="164" hits="2"/><line number="165" hits="0"/><line number="170" hits="0"/><line number="172" hits="0"/><line number="173" hits="0"/><line number="174" hits="0"/><line number="178" hits="0"/><line number="179" hits="0"/><line number="180" hits="0"/><line number="188" hits="6"/><line number="191" hits="4"/><line number="195" hits="4"/><line number="197" hits="8"/><line number="201" hits="0"/><line number="202" hits="0"/><line number="207" hits="0"/><line number="209" hits="0"/><line number="210" hits="0"/><line number="212" hits="0"/><line number="219" hits="4"/><line number="223" hits="4"/><line number="224" hits="4"/><line number="225" hits="0"/><line number="226" hits="8"/></lines></class><class name="service" filename="kore-base/src/helpers/network/service.rs" line-rate="0.875" branch-rate="0" complexity="0"><methods/><lines><line number="22" hits="2"/><line number="27" hits="4"/><line number="31" hits="4"/><line number="32" hits="4"/><line number="33" hits="0"/><line number="34" hits="8"/><line number="38" hits="2"/><line number="39" hits="2"/></lines></class></classes></package><package name="kore-types/src" line-rate="0" branch-rate="0" complexity="0"><classes></classes></package><package name="network/src" line-rate="0.4744996772111039" branch-rate="0" complexity="0"><classes><class name="behaviour" filename="network/src/behaviour.rs" line-rate="0.6947368421052632" branch-rate="0" complexity="0"><methods/><lines><line number="60" hits="13"/><line number="65" hits="13"/><line number="66" hits="13"/><line number="67" hits="13"/><line number="69" hits="13"/><line number="70" hits="13"/><line number="71" hits="13"/><line number="73" hits="13"/><line number="74" hits="26"/><line number="75" hits="4"/><line number="104" hits="2"/><line number="105" hits="2"/><line number="109" hits="6"/><line number="110" hits="6"/><line number="114" hits="1"/><line number="115" hits="2"/><line number="116" hits="1"/><line number="120" hits="4"/><line number="121" hits="4"/><line number="122" hits="4"/><line number="126" hits="1"/><line number="127" hits="1"/><line number="131" hits="16"/><line number="132" hits="24"/><line number="133" hits="48"/><line number="135" hits="0"/><line number="136" hits="0"/><line number="139" hits="24"/><line number="140" hits="16"/><line number="141" hits="16"/><line number="142" hits="16"/><line number="143" hits="16"/><line number="145" hits="16"/><line number="150" hits="0"/><line number="151" hits="0"/><line number="155" hits="9"/><line number="156" hits="9"/><line number="160" hits="26"/><line number="165" hits="48"/><line number="166" hits="26"/><line number="170" hits="12"/><line number="175" hits="24"/><line number="176" hits="12"/><line number="180" hits="12"/><line number="185" hits="24"/><line number="186" hits="12"/><line number="187" hits="12"/><line number="188" hits="12"/><line number="282" hits="0"/><line number="283" hits="0"/><line number="288" hits="24"/><line number="289" hits="24"/><line number="291" hits="1"/><line number="293" hits="14"/><line number="294" hits="0"/><line number="295" hits="0"/><line number="297" hits="0"/><line number="298" hits="0"/><line number="300" hits="0"/><line number="301" hits="0"/><line number="302" hits="0"/><line number="304" hits="2"/><line number="305" hits="2"/><line number="307" hits="7"/><line number="308" hits="7"/><line number="315" hits="20"/><line number="316" hits="20"/><line number="319" hits="20"/><line number="326" hits="73"/><line number="327" hits="73"/><line number="328" hits="24"/><line number="332" hits="23"/><line number="333" hits="23"/><line number="339" hits="26"/><line number="340" hits="26"/><line number="346" hits="0"/><line number="347" hits="0"/><line number="348" hits="0"/><line number="352" hits="0"/><line number="355" hits="0"/><line number="356" hits="0"/><line number="357" hits="0"/><line number="361" hits="0"/><line number="368" hits="36"/><line number="371" hits="36"/><line number="372" hits="24"/><line number="378" hits="12"/><line number="385" hits="0"/><line number="386" hits="0"/><line number="387" hits="0"/><line number="391" hits="0"/><line number="394" hits="0"/><line number="395" hits="0"/><line number="396" hits="0"/><line number="400" hits="0"/></lines></class><class name="control_list" filename="network/src/control_list.rs" line-rate="0.21787709497206703" branch-rate="0" complexity="0"><methods/><lines><line number="51" hits="0"/><line number="52" hits="0"/><line number="53" hits="0"/><line number="57" hits="0"/><line number="58" hits="0"/><line number="59" hits="0"/><line number="63" hits="0"/><line number="64" hits="0"/><line number="65" hits="0"/><line number="69" hits="0"/><line number="73" hits="0"/><line number="74" hits="0"/><line number="78" hits="0"/><line number="82" hits="0"/><line number="83" hits="0"/><line number="87" hits="0"/><line number="88" hits="0"/><line number="89" hits="0"/><line number="93" hits="0"/><line number="94" hits="0"/><line number="98" hits="0"/><line number="99" hits="0"/><line number="103" hits="0"/><line number="104" hits="0"/><line number="108" hits="0"/><line number="109" hits="0"/><line number="113" hits="0"/><line number="114" hits="0"/><line number="117" hits="0"/><line number="118" hits="0"/><line number="133" hits="13"/><line number="134" hits="13"/><line number="135" hits="0"/><line number="136" hits="0"/><line number="137" hits="0"/><line number="142" hits="0"/><line number="147" hits="0"/><line number="156" hits="0"/><line number="157" hits="0"/><line number="158" hits="0"/><line number="161" hits="13"/><line number="166" hits="0"/><line number="172" hits="0"/><line number="173" hits="0"/><line number="174" hits="0"/><line number="175" hits="0"/><line number="177" hits="0"/><line number="179" hits="0"/><line number="182" hits="0"/><line number="183" hits="0"/><line number="184" hits="0"/><line number="185" hits="0"/><line number="186" hits="0"/><line number="188" hits="0"/><line number="191" hits="0"/><line number="192" hits="0"/><line number="193" hits="0"/><line number="195" hits="0"/><line number="197" hits="0"/><line number="202" hits="0"/><line number="203" hits="0"/><line number="204" hits="0"/><line number="206" hits="0"/><line number="208" hits="0"/><line number="214" hits="0"/><line number="218" hits="0"/><line number="222" hits="0"/><line number="223" hits="0"/><line number="224" hits="0"/><line number="225" hits="0"/><line number="226" hits="0"/><line number="228" hits="0"/><line number="229" hits="0"/><line number="230" hits="0"/><line number="231" hits="0"/><line number="232" hits="0"/><line number="233" hits="0"/><line number="234" hits="0"/><line number="235" hits="0"/><line number="236" hits="0"/><line number="237" hits="0"/><line number="238" hits="0"/><line number="239" hits="0"/><line number="241" hits="0"/><line number="242" hits="0"/><line number="244" hits="0"/><line number="251" hits="0"/><line number="253" hits="0"/><line number="254" hits="0"/><line number="255" hits="0"/><line number="259" hits="0"/><line number="260" hits="0"/><line number="262" hits="0"/><line number="268" hits="0"/><line number="269" hits="0"/><line number="270" hits="0"/><line number="271" hits="0"/><line number="272" hits="0"/><line number="273" hits="0"/><line number="274" hits="0"/><line number="275" hits="0"/><line number="276" hits="0"/><line number="277" hits="0"/><line number="278" hits="0"/><line number="279" hits="0"/><line number="281" hits="0"/><line number="282" hits="0"/><line number="284" hits="0"/><line number="291" hits="0"/><line number="293" hits="0"/><line number="294" hits="0"/><line number="295" hits="0"/><line number="299" hits="0"/><line number="300" hits="0"/><line number="302" hits="0"/><line number="309" hits="0"/><line number="310" hits="0"/><line number="315" hits="0"/><line number="318" hits="0"/><line number="319" hits="0"/><line number="320" hits="0"/><line number="321" hits="0"/><line number="325" hits="0"/><line number="330" hits="0"/><line number="335" hits="0"/><line number="337" hits="0"/><line number="341" hits="0"/><line number="343" hits="0"/><line number="349" hits="0"/><line number="352" hits="0"/><line number="353" hits="0"/><line number="354" hits="0"/><line number="355" hits="0"/><line number="359" hits="0"/><line number="364" hits="0"/><line number="367" hits="0"/><line number="368" hits="0"/><line number="371" hits="0"/><line number="377" hits="8"/><line number="378" hits="16"/><line number="380" hits="6"/><line number="384" hits="2"/><line number="386" hits="2"/><line number="388" hits="2"/><line number="392" hits="11"/><line number="393" hits="22"/><line number="395" hits="8"/><line number="399" hits="3"/><line number="401" hits="3"/><line number="403" hits="3"/><line number="407" hits="41"/><line number="408" hits="41"/><line number="409" hits="14"/><line number="410" hits="10"/><line number="413" hits="36"/><line number="424" hits="0"/><line number="425" hits="0"/><line number="438" hits="0"/><line number="439" hits="0"/><line number="453" hits="16"/><line number="460" hits="18"/><line number="462" hits="14"/><line number="465" hits="18"/><line number="472" hits="32"/><line number="473" hits="3"/><line number="476" hits="15"/><line number="479" hits="11"/><line number="486" hits="11"/><line number="488" hits="11"/><line number="491" hits="132"/><line number="493" hits="0"/><line number="501" hits="781"/><line number="510" hits="1562"/><line number="511" hits="2"/><line number="512" hits="2"/><line number="513" hits="2"/><line number="514" hits="2"/><line number="519" hits="779"/><line number="520" hits="779"/></lines></class><class name="lib" filename="network/src/lib.rs" line-rate="0" branch-rate="0" complexity="0"><methods/><lines><line number="76" hits="0"/><line number="84" hits="0"/><line number="88" hits="0"/><line number="89" hits="0"/><line number="91" hits="0"/></lines></class><class name="node" filename="network/src/node.rs" line-rate="0.5772058823529411" branch-rate="0" complexity="0"><methods/><lines><line number="59" hits="16"/><line number="60" hits="16"/><line number="61" hits="16"/><line number="80" hits="13"/><line number="81" hits="13"/><line number="82" hits="13"/><line number="83" hits="13"/><line number="87" hits="0"/><line number="88" hits="0"/><line number="89" hits="0"/><line number="90" hits="0"/><line number="113" hits="15"/><line number="118" hits="15"/><line number="120" hits="15"/><line number="121" hits="15"/><line number="123" hits="15"/><line number="125" hits="15"/><line number="127" hits="15"/><line number="129" hits="15"/><line number="131" hits="15"/><line number="132" hits="15"/><line number="133" hits="15"/><line number="145" hits="1"/><line number="146" hits="1"/><line number="151" hits="1"/><line number="152" hits="1"/><line number="153" hits="2"/><line number="156" hits="0"/><line number="157" hits="0"/><line number="163" hits="21"/><line number="168" hits="21"/><line number="169" hits="42"/><line number="174" hits="0"/><line number="175" hits="0"/><line number="189" hits="1"/><line number="190" hits="1"/><line number="194" hits="0"/><line number="195" hits="0"/><line number="200" hits="0"/><line number="201" hits="0"/><line number="205" hits="0"/><line number="206" hits="0"/><line number="231" hits="14"/><line number="239" hits="28"/><line number="240" hits="14"/><line number="241" hits="14"/><line number="242" hits="14"/><line number="243" hits="14"/><line number="245" hits="14"/><line number="252" hits="14"/><line number="255" hits="11"/><line number="263" hits="22"/><line number="264" hits="11"/><line number="265" hits="11"/><line number="266" hits="11"/><line number="267" hits="11"/><line number="269" hits="11"/><line number="276" hits="11"/><line number="279" hits="14"/><line number="285" hits="14"/><line number="286" hits="14"/><line number="287" hits="14"/><line number="288" hits="14"/><line number="290" hits="14"/><line number="291" hits="14"/><line number="292" hits="14"/><line number="293" hits="14"/><line number="297" hits="12"/><line number="306" hits="12"/><line number="309" hits="101"/><line number="310" hits="101"/><line number="312" hits="25"/><line number="313" hits="25"/><line number="315" hits="25"/><line number="316" hits="25"/><line number="317" hits="25"/><line number="318" hits="25"/><line number="319" hits="25"/><line number="321" hits="25"/><line number="322" hits="16"/><line number="323" hits="16"/><line number="325" hits="9"/><line number="326" hits="9"/><line number="327" hits="9"/><line number="329" hits="15"/><line number="332" hits="0"/><line number="333" hits="0"/><line number="335" hits="9"/><line number="336" hits="9"/><line number="341" hits="9"/><line number="342" hits="9"/><line number="343" hits="9"/><line number="344" hits="9"/><line number="345" hits="9"/><line number="346" hits="9"/><line number="347" hits="9"/><line number="348" hits="9"/><line number="349" hits="9"/><line number="350" hits="9"/><line number="351" hits="9"/><line number="354" hits="9"/><line number="355" hits="9"/><line number="356" hits="9"/><line number="357" hits="9"/><line number="358" hits="9"/><line number="359" hits="9"/><line number="363" hits="18"/><line number="364" hits="6"/><line number="365" hits="6"/><line number="367" hits="21"/><line number="369" hits="0"/><line number="370" hits="0"/><line number="374" hits="1"/><line number="375" hits="1"/><line number="376" hits="1"/><line number="377" hits="1"/><line number="378" hits="1"/><line number="379" hits="1"/><line number="380" hits="1"/><line number="381" hits="1"/><line number="382" hits="1"/><line number="384" hits="1"/><line number="385" hits="1"/><line number="386" hits="1"/><line number="387" hits="1"/><line number="388" hits="1"/><line number="392" hits="0"/><line number="393" hits="0"/><line number="394" hits="0"/><line number="397" hits="0"/><line number="398" hits="0"/><line number="399" hits="0"/><line number="400" hits="0"/><line number="401" hits="0"/><line number="402" hits="0"/><line number="403" hits="0"/><line number="404" hits="0"/><line number="405" hits="0"/><line number="406" hits="0"/><line number="407" hits="0"/><line number="410" hits="0"/><line number="411" hits="0"/><line number="412" hits="0"/><line number="413" hits="0"/><line number="414" hits="0"/><line number="415" hits="0"/><line number="419" hits="0"/><line number="420" hits="0"/><line number="421" hits="0"/><line number="423" hits="0"/><line number="424" hits="0"/><line number="425" hits="0"/><line number="426" hits="0"/><line number="428" hits="17"/><line number="429" hits="17"/><line number="430" hits="17"/><line number="432" hits="0"/><line number="433" hits="0"/><line number="434" hits="0"/><line number="435" hits="0"/><line number="436" hits="0"/><line number="438" hits="19"/><line number="439" hits="19"/><line number="440" hits="19"/><line number="441" hits="19"/><line number="442" hits="19"/><line number="444" hits="0"/><line number="445" hits="0"/><line number="446" hits="0"/><line number="448" hits="17"/><line number="449" hits="17"/><line number="450" hits="17"/><line number="452" hits="13"/><line number="453" hits="13"/><line number="454" hits="13"/><line number="455" hits="13"/><line number="456" hits="13"/><line number="457" hits="13"/><line number="459" hits="0"/><line number="463" hits="43"/><line number="469" hits="43"/><line number="470" hits="1"/><line number="471" hits="1"/><line number="472" hits="1"/><line number="473" hits="1"/><line number="475" hits="42"/><line number="476" hits="42"/><line number="477" hits="42"/><line number="478" hits="42"/><line number="483" hits="589"/><line number="494" hits="590"/><line number="495" hits="589"/><line number="496" hits="1"/><line number="498" hits="1"/><line number="499" hits="1"/><line number="501" hits="1"/><line number="503" hits="1"/><line number="506" hits="0"/><line number="507" hits="0"/><line number="510" hits="0"/><line number="511" hits="0"/><line number="512" hits="0"/><line number="513" hits="0"/><line number="514" hits="0"/><line number="515" hits="0"/><line number="516" hits="0"/><line number="517" hits="0"/><line number="520" hits="0"/><line number="521" hits="0"/><line number="524" hits="0"/><line number="525" hits="0"/><line number="526" hits="0"/><line number="527" hits="0"/><line number="528" hits="0"/><line number="529" hits="0"/><line number="532" hits="0"/><line number="533" hits="0"/><line number="535" hits="0"/><line number="536" hits="0"/><line number="538" hits="0"/><line number="539" hits="0"/><line number="541" hits="0"/><line number="542" hits="0"/><line number="544" hits="0"/><line number="550" hits="610"/><line number="551" hits="549"/><line number="552" hits="42"/><line number="553" hits="21"/><line number="554" hits="21"/><line number="555" hits="21"/><line number="556" hits="21"/><line number="558" hits="0"/><line number="559" hits="0"/><line number="561" hits="0"/><line number="562" hits="21"/><line number="564" hits="0"/><line number="565" hits="0"/><line number="568" hits="0"/><line number="569" hits="0"/><line number="570" hits="0"/><line number="571" hits="0"/><line number="572" hits="0"/><line number="573" hits="0"/><line number="574" hits="0"/><line number="575" hits="0"/><line number="578" hits="0"/><line number="579" hits="0"/><line number="582" hits="0"/><line number="583" hits="0"/><line number="584" hits="0"/><line number="585" hits="0"/><line number="586" hits="0"/><line number="587" hits="0"/><line number="590" hits="0"/><line number="591" hits="0"/><line number="593" hits="0"/><line number="594" hits="0"/><line number="596" hits="19"/><line number="597" hits="19"/><line number="599" hits="0"/><line number="600" hits="0"/><line number="602" hits="0"/><line number="607" hits="0"/><line number="608" hits="549"/><line number="610" hits="0"/><line number="611" hits="0"/><line number="612" hits="0"/><line number="613" hits="0"/><line number="614" hits="0"/><line number="618" hits="549"/><line number="623" hits="15"/><line number="624" hits="60"/></lines></class><class name="routing" filename="network/src/routing.rs" line-rate="0.5155875299760192" branch-rate="0" complexity="0"><methods/><lines><line number="98" hits="54"/><line number="99" hits="54"/><line number="100" hits="54"/><line number="101" hits="54"/><line number="102" hits="54"/><line number="103" hits="54"/><line number="104" hits="54"/><line number="105" hits="54"/><line number="106" hits="54"/><line number="107" hits="54"/><line number="108" hits="54"/><line number="109" hits="54"/><line number="110" hits="54"/><line number="113" hits="54"/><line number="115" hits="108"/><line number="116" hits="54"/><line number="120" hits="54"/><line number="121" hits="54"/><line number="122" hits="54"/><line number="123" hits="163"/><line number="129" hits="0"/><line number="135" hits="54"/><line number="137" hits="54"/><line number="138" hits="54"/><line number="141" hits="138"/><line number="142" hits="168"/><line number="143" hits="42"/><line number="147" hits="54"/><line number="149" hits="0"/><line number="168" hits="54"/><line number="173" hits="54"/><line number="178" hits="54"/><line number="179" hits="54"/><line number="180" hits="54"/><line number="181" hits="54"/><line number="187" hits="6"/><line number="188" hits="6"/><line number="191" hits="9"/><line number="192" hits="9"/><line number="196" hits="4"/><line number="197" hits="4"/><line number="198" hits="0"/><line number="222" hits="42"/><line number="223" hits="84"/><line number="224" hits="3"/><line number="225" hits="3"/><line number="227" hits="39"/><line number="229" hits="0"/><line number="234" hits="0"/><line number="235" hits="0"/><line number="238" hits="0"/><line number="243" hits="0"/><line number="244" hits="0"/><line number="245" hits="0"/><line number="246" hits="0"/><line number="247" hits="0"/><line number="248" hits="0"/><line number="249" hits="0"/><line number="254" hits="0"/><line number="259" hits="0"/><line number="263" hits="0"/><line number="264" hits="0"/><line number="265" hits="0"/><line number="266" hits="0"/><line number="267" hits="0"/><line number="272" hits="0"/><line number="278" hits="16"/><line number="279" hits="16"/><line number="280" hits="16"/><line number="281" hits="6"/><line number="284" hits="20"/><line number="285" hits="10"/><line number="288" hits="10"/><line number="289" hits="10"/><line number="297" hits="1540"/><line number="303" hits="3080"/><line number="304" hits="0"/><line number="305" hits="0"/><line number="307" hits="0"/><line number="309" hits="0"/><line number="314" hits="1539"/><line number="316" hits="4728"/><line number="320" hits="0"/><line number="325" hits="1539"/><line number="328" hits="1"/><line number="330" hits="0"/><line number="331" hits="0"/><line number="340" hits="1"/><line number="341" hits="1"/><line number="342" hits="3"/><line number="343" hits="1"/><line number="349" hits="1"/><line number="350" hits="2"/><line number="351" hits="4"/><line number="352" hits="1"/><line number="417" hits="0"/><line number="418" hits="0"/><line number="419" hits="0"/><line number="420" hits="0"/><line number="423" hits="0"/><line number="424" hits="0"/><line number="481" hits="1056"/><line number="488" hits="1056"/><line number="489" hits="1056"/><line number="490" hits="1056"/><line number="491" hits="1056"/><line number="492" hits="1056"/><line number="496" hits="1036"/><line number="503" hits="1036"/><line number="504" hits="1036"/><line number="505" hits="1036"/><line number="506" hits="1036"/><line number="507" hits="1036"/><line number="511" hits="2319"/><line number="512" hits="2319"/><line number="513" hits="0"/><line number="514" hits="0"/><line number="516" hits="2092"/><line number="517" hits="2092"/><line number="518" hits="2092"/><line number="519" hits="2092"/><line number="521" hits="26"/><line number="522" hits="26"/><line number="523" hits="26"/><line number="525" hits="3"/><line number="526" hits="6"/><line number="527" hits="1"/><line number="528" hits="0"/><line number="531" hits="0"/><line number="532" hits="0"/><line number="534" hits="0"/><line number="535" hits="0"/><line number="541" hits="3"/><line number="543" hits="0"/><line number="544" hits="0"/><line number="545" hits="0"/><line number="548" hits="51"/><line number="549" hits="51"/><line number="550" hits="51"/><line number="551" hits="51"/><line number="553" hits="51"/><line number="556" hits="0"/><line number="557" hits="0"/><line number="559" hits="0"/><line number="565" hits="51"/><line number="566" hits="51"/><line number="568" hits="0"/><line number="572" hits="0"/><line number="573" hits="0"/><line number="576" hits="0"/><line number="577" hits="0"/><line number="579" hits="22"/><line number="580" hits="22"/><line number="582" hits="0"/><line number="583" hits="0"/><line number="585" hits="53"/><line number="586" hits="53"/><line number="588" hits="53"/><line number="589" hits="53"/><line number="590" hits="53"/><line number="592" hits="19"/><line number="593" hits="19"/><line number="594" hits="19"/><line number="596" hits="0"/><line number="600" hits="12227"/><line number="606" hits="12227"/><line number="607" hits="12227"/><line number="608" hits="12227"/><line number="609" hits="12227"/><line number="613" hits="141705"/><line number="622" hits="141714"/><line number="627" hits="283392"/><line number="629" hits="576"/><line number="630" hits="32"/><line number="631" hits="2"/><line number="632" hits="1"/><line number="634" hits="1"/><line number="635" hits="1"/><line number="637" hits="0"/><line number="640" hits="1"/><line number="641" hits="1"/><line number="643" hits="0"/><line number="645" hits="0"/><line number="648" hits="0"/><line number="661" hits="1"/><line number="662" hits="1"/><line number="669" hits="167618"/><line number="671" hits="8537"/><line number="672" hits="220"/><line number="673" hits="1552"/><line number="677" hits="784"/><line number="678" hits="784"/><line number="679" hits="784"/><line number="681" hits="750"/><line number="682" hits="750"/><line number="683" hits="750"/><line number="686" hits="5180"/><line number="689" hits="51"/><line number="693" hits="2"/><line number="694" hits="2"/><line number="695" hits="2"/><line number="697" hits="0"/><line number="698" hits="0"/><line number="699" hits="0"/><line number="700" hits="0"/><line number="702" hits="0"/><line number="703" hits="0"/><line number="706" hits="2"/><line number="707" hits="2"/><line number="709" hits="0"/><line number="710" hits="0"/><line number="712" hits="2"/><line number="713" hits="1"/><line number="715" hits="0"/><line number="717" hits="0"/><line number="720" hits="4"/><line number="721" hits="2"/><line number="722" hits="2"/><line number="723" hits="2"/><line number="724" hits="2"/><line number="728" hits="0"/><line number="730" hits="0"/><line number="731" hits="0"/><line number="737" hits="0"/><line number="738" hits="0"/><line number="739" hits="0"/><line number="742" hits="0"/><line number="743" hits="0"/><line number="744" hits="0"/><line number="746" hits="0"/><line number="753" hits="0"/><line number="754" hits="0"/><line number="755" hits="0"/><line number="761" hits="0"/><line number="764" hits="0"/><line number="765" hits="0"/><line number="769" hits="0"/><line number="772" hits="0"/><line number="774" hits="0"/><line number="779" hits="0"/><line number="780" hits="0"/><line number="781" hits="0"/><line number="782" hits="0"/><line number="783" hits="0"/><line number="788" hits="0"/><line number="790" hits="0"/><line number="791" hits="0"/><line number="793" hits="0"/><line number="797" hits="0"/><line number="798" hits="0"/><line number="801" hits="0"/><line number="802" hits="0"/><line number="804" hits="0"/><line number="808" hits="0"/><line number="809" hits="0"/><line number="816" hits="0"/><line number="817" hits="0"/><line number="820" hits="0"/><line number="822" hits="0"/><line number="823" hits="0"/><line number="825" hits="0"/><line number="826" hits="0"/><line number="828" hits="0"/><line number="832" hits="0"/><line number="833" hits="0"/><line number="840" hits="0"/><line number="841" hits="0"/><line number="842" hits="0"/><line number="843" hits="0"/><line number="848" hits="0"/><line number="851" hits="0"/><line number="856" hits="218"/><line number="857" hits="218"/><line number="858" hits="218"/><line number="859" hits="218"/><line number="863" hits="1029"/><line number="864" hits="1029"/><line number="867" hits="9356"/><line number="868" hits="9356"/><line number="869" hits="9356"/><line number="870" hits="9356"/><line number="871" hits="9356"/><line number="872" hits="9356"/><line number="873" hits="9356"/><line number="874" hits="9356"/><line number="878" hits="0"/><line number="879" hits="0"/><line number="880" hits="0"/><line number="881" hits="0"/><line number="882" hits="0"/><line number="883" hits="0"/><line number="886" hits="0"/><line number="887" hits="0"/><line number="889" hits="0"/><line number="890" hits="0"/><line number="892" hits="0"/><line number="893" hits="0"/><line number="895" hits="0"/><line number="896" hits="0"/><line number="898" hits="0"/><line number="899" hits="0"/><line number="901" hits="0"/><line number="906" hits="129774"/><line number="908" hits="0"/><line number="909" hits="0"/><line number="910" hits="0"/><line number="911" hits="0"/><line number="913" hits="0"/><line number="916" hits="0"/><line number="917" hits="0"/><line number="918" hits="0"/><line number="921" hits="0"/><line number="922" hits="0"/><line number="925" hits="0"/><line number="934" hits="0"/><line number="935" hits="0"/><line number="936" hits="0"/><line number="937" hits="0"/><line number="938" hits="0"/><line number="939" hits="0"/><line number="942" hits="0"/><line number="943" hits="0"/><line number="945" hits="0"/><line number="946" hits="0"/><line number="948" hits="0"/><line number="949" hits="0"/><line number="951" hits="0"/><line number="952" hits="0"/><line number="954" hits="0"/><line number="955" hits="0"/><line number="957" hits="0"/><line number="961" hits="129774"/><line number="964" hits="1078"/><line number="970" hits="1078"/><line number="971" hits="1078"/><line number="972" hits="1078"/><line number="973" hits="1078"/><line number="977" hits="1037"/><line number="984" hits="2070"/><line number="985" hits="4"/><line number="990" hits="1029"/><line number="991" hits="1029"/><line number="992" hits="42"/><line number="993" hits="42"/><line number="997" hits="1036"/><line number="1002" hits="1033"/><line number="1003" hits="1033"/><line number="1004" hits="1033"/><line number="1005" hits="1033"/><line number="1006" hits="1033"/><line number="1007" hits="1033"/><line number="1019" hits="1033"/><line number="1020" hits="0"/><line number="1021" hits="0"/><line number="1022" hits="0"/><line number="1024" hits="0"/><line number="1026" hits="0"/><line number="1027" hits="0"/><line number="1029" hits="0"/><line number="1031" hits="0"/><line number="1035" hits="1033"/><line number="1038" hits="1033"/><line number="1040" hits="1033"/><line number="1080" hits="54"/><line number="1081" hits="54"/><line number="1082" hits="54"/><line number="1083" hits="54"/><line number="1100" hits="13"/><line number="1101" hits="13"/><line number="1105" hits="27"/><line number="1106" hits="27"/><line number="1107" hits="27"/><line number="1111" hits="0"/><line number="1112" hits="0"/><line number="1116" hits="54"/><line number="1117" hits="54"/><line number="1118" hits="54"/><line number="1122" hits="0"/><line number="1123" hits="0"/><line number="1127" hits="54"/><line number="1128" hits="54"/><line number="1129" hits="54"/><line number="1133" hits="0"/><line number="1134" hits="0"/><line number="1139" hits="54"/><line number="1140" hits="54"/><line number="1141" hits="54"/><line number="1145" hits="0"/><line number="1146" hits="0"/><line number="1150" hits="13"/><line number="1151" hits="13"/><line number="1152" hits="13"/><line number="1156" hits="0"/><line number="1157" hits="0"/><line number="1161" hits="0"/><line number="1162" hits="0"/><line number="1163" hits="0"/><line number="1167" hits="0"/><line number="1168" hits="0"/><line number="1172" hits="0"/><line number="1173" hits="0"/><line number="1174" hits="0"/><line number="1176" hits="0"/><line number="1177" hits="0"/><line number="1179" hits="0"/><line number="1183" hits="0"/><line number="1184" hits="0"/><line number="1188" hits="0"/><line number="1189" hits="0"/><line number="1190" hits="0"/><line number="1194" hits="1"/><line number="1195" hits="1"/><line number="1196" hits="1"/><line number="1200" hits="13"/><line number="1201" hits="13"/><line number="1206" hits="0"/><line number="1207" hits="0"/></lines></class><class name="service" filename="network/src/service.rs" line-rate="0.375" branch-rate="0" complexity="0"><methods/><lines><line number="20" hits="6"/><line number="25" hits="0"/><line number="29" hits="0"/><line number="30" hits="0"/><line number="31" hits="0"/><line number="32" hits="0"/><line number="36" hits="2"/><line number="37" hits="2"/></lines></class><class name="transport" filename="network/src/transport.rs" line-rate="0.75" branch-rate="0" complexity="0"><methods/><lines><line number="40" hits="7"/><line number="46" hits="14"/><line number="47" hits="0"/><line number="62" hits="7"/><line number="63" hits="0"/><line number="66" hits="7"/><line number="67" hits="27"/><line number="69" hits="7"/></lines></class><class name="utils" filename="network/src/utils.rs" line-rate="0.8035714285714286" branch-rate="0" complexity="0"><methods/><lines><line number="22" hits="55"/><line number="24" hits="55"/><line number="34" hits="2"/><line number="35" hits="2"/><line number="36" hits="3"/><line number="37" hits="1"/><line number="39" hits="2"/><line number="41" hits="0"/><line number="45" hits="4"/><line number="46" hits="4"/><line number="51" hits="54"/><line number="54" hits="54"/><line number="55" hits="138"/><line number="56" hits="42"/><line number="57" hits="42"/><line number="58" hits="42"/><line number="59" hits="0"/><line number="61" hits="0"/><line number="65" hits="126"/><line number="66" hits="42"/><line number="67" hits="42"/><line number="68" hits="0"/><line number="70" hits="84"/><line number="71" hits="42"/><line number="74" hits="42"/><line number="75" hits="42"/><line number="80" hits="54"/><line number="84" hits="12"/><line number="87" hits="12"/><line number="88" hits="24"/><line number="89" hits="12"/><line number="90" hits="6"/><line number="92" hits="0"/><line number="93" hits="0"/><line number="94" hits="0"/><line number="98" hits="12"/><line number="102" hits="6"/><line number="103" hits="6"/><line number="104" hits="6"/><line number="105" hits="0"/><line number="115" hits="73"/><line number="116" hits="105"/><line number="117" hits="32"/><line number="118" hits="0"/><line number="121" hits="0"/><line number="122" hits="41"/><line number="128" hits="16"/><line number="129" hits="32"/><line number="130" hits="0"/><line number="132" hits="16"/><line number="140" hits="5"/><line number="144" hits="5"/><line number="145" hits="5"/><line number="146" hits="5"/><line number="147" hits="3"/><line number="149" hits="2"/></lines></class><class name="worker" filename="network/src/worker.rs" line-rate="0.40078585461689586" branch-rate="0" complexity="0"><methods/><lines><line number="115" hits="6"/><line number="124" hits="6"/><line number="128" hits="12"/><line number="129" hits="0"/><line number="130" hits="6"/><line number="131" hits="6"/><line number="133" hits="6"/><line number="134" hits="6"/><line number="136" hits="0"/><line number="138" hits="0"/><line number="141" hits="0"/><line number="142" hits="0"/><line number="147" hits="0"/><line number="150" hits="6"/><line number="153" hits="6"/><line number="156" hits="0"/><line number="159" hits="6"/><line number="161" hits="6"/><line number="162" hits="6"/><line number="164" hits="0"/><line number="168" hits="0"/><line number="169" hits="0"/><line number="173" hits="0"/><line number="174" hits="0"/><line number="175" hits="0"/><line number="176" hits="0"/><line number="177" hits="0"/><line number="179" hits="0"/><line number="180" hits="0"/><line number="184" hits="0"/><line number="185" hits="0"/><line number="186" hits="15"/><line number="187" hits="5"/><line number="190" hits="1"/><line number="193" hits="6"/><line number="196" hits="6"/><line number="197" hits="6"/><line number="200" hits="6"/><line number="203" hits="6"/><line number="205" hits="6"/><line number="207" hits="0"/><line number="208" hits="0"/><line number="211" hits="0"/><line number="212" hits="0"/><line number="216" hits="12"/><line number="217" hits="6"/><line number="218" hits="0"/><line number="219" hits="0"/><line number="220" hits="0"/><line number="222" hits="0"/><line number="223" hits="0"/><line number="224" hits="0"/><line number="230" hits="6"/><line number="231" hits="0"/><line number="232" hits="0"/><line number="233" hits="0"/><line number="237" hits="10"/><line number="238" hits="6"/><line number="239" hits="6"/><line number="240" hits="6"/><line number="241" hits="6"/><line number="242" hits="6"/><line number="243" hits="6"/><line number="244" hits="6"/><line number="245" hits="6"/><line number="246" hits="6"/><line number="247" hits="6"/><line number="248" hits="6"/><line number="249" hits="6"/><line number="250" hits="6"/><line number="251" hits="6"/><line number="252" hits="6"/><line number="253" hits="6"/><line number="254" hits="6"/><line number="259" hits="2"/><line number="263" hits="2"/><line number="267" hits="3"/><line number="268" hits="3"/><line number="272" hits="0"/><line number="273" hits="0"/><line number="277" hits="0"/><line number="278" hits="0"/><line number="280" hits="0"/><line number="287" hits="4"/><line number="293" hits="4"/><line number="294" hits="0"/><line number="295" hits="0"/><line number="296" hits="0"/><line number="298" hits="0"/><line number="299" hits="0"/><line number="300" hits="0"/><line number="301" hits="0"/><line number="305" hits="4"/><line number="307" hits="4"/><line number="308" hits="4"/><line number="312" hits="4"/><line number="313" hits="4"/><line number="314" hits="4"/><line number="315" hits="4"/><line number="319" hits="0"/><line number="324" hits="0"/><line number="325" hits="0"/><line number="329" hits="0"/><line number="334" hits="0"/><line number="335" hits="0"/><line number="336" hits="0"/><line number="338" hits="0"/><line number="344" hits="0"/><line number="349" hits="0"/><line number="350" hits="0"/><line number="354" hits="4"/><line number="355" hits="4"/><line number="356" hits="8"/><line number="358" hits="4"/><line number="359" hits="4"/><line number="360" hits="0"/><line number="361" hits="0"/><line number="363" hits="0"/><line number="364" hits="0"/><line number="366" hits="4"/><line number="368" hits="4"/><line number="372" hits="0"/><line number="373" hits="0"/><line number="374" hits="0"/><line number="375" hits="0"/><line number="379" hits="0"/><line number="380" hits="0"/><line number="381" hits="0"/><line number="382" hits="0"/><line number="386" hits="0"/><line number="391" hits="2"/><line number="392" hits="2"/><line number="396" hits="24"/><line number="397" hits="20"/><line number="398" hits="12"/><line number="399" hits="12"/><line number="403" hits="44"/><line number="404" hits="44"/><line number="405" hits="24"/><line number="410" hits="4"/><line number="412" hits="7"/><line number="413" hits="0"/><line number="414" hits="0"/><line number="416" hits="0"/><line number="417" hits="0"/><line number="421" hits="2"/><line number="423" hits="65"/><line number="427" hits="10"/><line number="428" hits="8"/><line number="429" hits="5"/><line number="431" hits="7"/><line number="432" hits="1"/><line number="434" hits="15"/><line number="435" hits="15"/><line number="436" hits="0"/><line number="438" hits="4"/><line number="439" hits="2"/><line number="440" hits="1"/><line number="441" hits="1"/><line number="442" hits="1"/><line number="443" hits="1"/><line number="445" hits="0"/><line number="448" hits="0"/><line number="449" hits="0"/><line number="450" hits="0"/><line number="453" hits="1"/><line number="454" hits="0"/><line number="455" hits="1"/><line number="457" hits="1"/><line number="459" hits="3"/><line number="460" hits="9"/><line number="461" hits="0"/><line number="462" hits="0"/><line number="464" hits="0"/><line number="465" hits="0"/><line number="466" hits="0"/><line number="470" hits="0"/><line number="471" hits="0"/><line number="472" hits="0"/><line number="474" hits="0"/><line number="476" hits="0"/><line number="477" hits="0"/><line number="478" hits="0"/><line number="479" hits="0"/><line number="480" hits="0"/><line number="483" hits="0"/><line number="488" hits="3"/><line number="491" hits="0"/><line number="493" hits="5"/><line number="494" hits="3"/><line number="495" hits="1"/><line number="497" hits="0"/><line number="498" hits="0"/><line number="499" hits="0"/><line number="502" hits="5"/><line number="503" hits="3"/><line number="505" hits="1"/><line number="507" hits="4"/><line number="508" hits="2"/><line number="511" hits="0"/><line number="512" hits="0"/><line number="514" hits="0"/><line number="515" hits="2"/><line number="516" hits="2"/><line number="518" hits="2"/><line number="520" hits="4"/><line number="522" hits="11"/><line number="523" hits="0"/><line number="524" hits="0"/><line number="525" hits="0"/><line number="527" hits="0"/><line number="528" hits="0"/><line number="534" hits="5"/><line number="538" hits="9"/><line number="542" hits="15"/><line number="543" hits="2"/><line number="544" hits="4"/><line number="545" hits="7"/><line number="546" hits="4"/><line number="547" hits="7"/><line number="548" hits="4"/><line number="551" hits="0"/><line number="552" hits="0"/><line number="553" hits="1"/><line number="554" hits="1"/><line number="555" hits="1"/><line number="556" hits="2"/><line number="557" hits="1"/><line number="558" hits="2"/><line number="560" hits="1"/><line number="562" hits="1"/><line number="563" hits="1"/><line number="566" hits="0"/><line number="567" hits="0"/><line number="568" hits="0"/><line number="569" hits="0"/><line number="570" hits="0"/><line number="571" hits="0"/><line number="572" hits="0"/><line number="573" hits="0"/><line number="574" hits="0"/><line number="575" hits="0"/><line number="578" hits="0"/><line number="579" hits="2"/><line number="580" hits="2"/><line number="581" hits="2"/><line number="582" hits="3"/><line number="584" hits="2"/><line number="586" hits="2"/><line number="590" hits="2"/><line number="591" hits="0"/><line number="592" hits="1"/><line number="593" hits="0"/><line number="595" hits="2"/><line number="596" hits="2"/><line number="598" hits="0"/><line number="600" hits="2"/><line number="601" hits="6"/><line number="603" hits="2"/><line number="604" hits="2"/><line number="607" hits="0"/><line number="608" hits="0"/><line number="609" hits="0"/><line number="610" hits="0"/><line number="611" hits="0"/><line number="612" hits="0"/><line number="613" hits="0"/><line number="614" hits="0"/><line number="616" hits="0"/><line number="618" hits="0"/><line number="619" hits="0"/><line number="620" hits="0"/><line number="623" hits="0"/><line number="624" hits="0"/><line number="625" hits="0"/><line number="630" hits="2"/><line number="631" hits="3"/><line number="637" hits="6"/><line number="638" hits="4"/><line number="640" hits="70"/><line number="641" hits="70"/><line number="642" hits="0"/><line number="644" hits="0"/><line number="645" hits="0"/><line number="648" hits="0"/><line number="650" hits="0"/><line number="652" hits="0"/><line number="653" hits="0"/><line number="659" hits="8"/><line number="660" hits="4"/><line number="661" hits="4"/><line number="662" hits="4"/><line number="663" hits="0"/><line number="664" hits="0"/><line number="670" hits="126"/><line number="671" hits="21"/><line number="672" hits="2"/><line number="673" hits="3"/><line number="674" hits="2"/><line number="675" hits="3"/><line number="676" hits="2"/><line number="677" hits="3"/><line number="678" hits="2"/><line number="680" hits="0"/><line number="684" hits="0"/><line number="685" hits="11"/><line number="686" hits="11"/><line number="687" hits="11"/><line number="688" hits="3"/><line number="689" hits="3"/><line number="690" hits="0"/><line number="691" hits="0"/><line number="694" hits="8"/><line number="695" hits="8"/><line number="696" hits="0"/><line number="697" hits="1"/><line number="698" hits="0"/><line number="703" hits="0"/><line number="704" hits="0"/><line number="705" hits="0"/><line number="706" hits="0"/><line number="709" hits="0"/><line number="710" hits="8"/><line number="711" hits="8"/><line number="712" hits="8"/><line number="714" hits="8"/><line number="715" hits="8"/><line number="717" hits="16"/><line number="720" hits="0"/><line number="721" hits="0"/><line number="722" hits="0"/><line number="724" hits="0"/><line number="727" hits="9"/><line number="728" hits="8"/><line number="730" hits="8"/><line number="733" hits="8"/><line number="734" hits="0"/><line number="735" hits="0"/><line number="736" hits="0"/><line number="737" hits="0"/><line number="739" hits="0"/><line number="742" hits="0"/><line number="743" hits="2"/><line number="744" hits="2"/><line number="745" hits="0"/><line number="748" hits="6"/><line number="749" hits="0"/><line number="750" hits="0"/><line number="751" hits="0"/><line number="758" hits="2"/><line number="759" hits="0"/><line number="760" hits="0"/><line number="761" hits="0"/><line number="764" hits="2"/><line number="765" hits="0"/><line number="766" hits="0"/><line number="767" hits="0"/><line number="769" hits="2"/><line number="770" hits="2"/><line number="771" hits="2"/><line number="772" hits="2"/><line number="777" hits="0"/><line number="778" hits="0"/><line number="779" hits="0"/><line number="780" hits="0"/><line number="781" hits="0"/><line number="782" hits="0"/><line number="783" hits="0"/><line number="785" hits="0"/><line number="786" hits="0"/><line number="787" hits="0"/><line number="788" hits="0"/><line number="789" hits="0"/><line number="790" hits="0"/><line number="791" hits="0"/><line number="792" hits="0"/><line number="793" hits="0"/><line number="794" hits="0"/><line number="795" hits="0"/><line number="796" hits="0"/><line number="798" hits="0"/><line number="801" hits="0"/><line number="802" hits="0"/><line number="803" hits="0"/><line number="804" hits="0"/><line number="807" hits="0"/><line number="808" hits="0"/><line number="809" hits="0"/><line number="810" hits="0"/><line number="812" hits="0"/><line number="813" hits="0"/><line number="814" hits="0"/><line number="815" hits="0"/><line number="820" hits="0"/><line number="821" hits="0"/><line number="822" hits="0"/><line number="823" hits="0"/><line number="824" hits="0"/><line number="826" hits="0"/><line number="827" hits="0"/><line number="829" hits="0"/><line number="830" hits="0"/><line number="831" hits="0"/><line number="832" hits="0"/><line number="834" hits="0"/><line number="835" hits="0"/><line number="836" hits="0"/><line number="837" hits="0"/><line number="840" hits="0"/><line number="842" hits="0"/><line number="843" hits="0"/><line number="844" hits="0"/><line number="845" hits="0"/><line number="847" hits="0"/><line number="848" hits="0"/><line number="849" hits="0"/><line number="850" hits="0"/><line number="853" hits="0"/><line number="856" hits="0"/><line number="857" hits="0"/><line number="858" hits="0"/><line number="859" hits="0"/><line number="861" hits="0"/><line number="862" hits="0"/><line number="863" hits="0"/><line number="864" hits="0"/><line number="867" hits="0"/><line number="872" hits="0"/><line number="873" hits="4"/><line number="874" hits="0"/><line number="876" hits="0"/><line number="877" hits="0"/><line number="878" hits="0"/><line number="879" hits="0"/><line number="880" hits="4"/><line number="881" hits="4"/><line number="882" hits="4"/><line number="883" hits="4"/><line number="884" hits="4"/><line number="887" hits="4"/><line number="888" hits="0"/><line number="889" hits="0"/><line number="890" hits="0"/><line number="892" hits="0"/><line number="893" hits="4"/><line number="894" hits="4"/><line number="895" hits="0"/><line number="896" hits="4"/><line number="900" hits="0"/><line number="901" hits="2"/><line number="902" hits="2"/><line number="903" hits="2"/><line number="904" hits="2"/><line number="905" hits="0"/><line number="906" hits="0"/><line number="907" hits="0"/><line number="910" hits="0"/><line number="911" hits="0"/><line number="912" hits="0"/><line number="913" hits="0"/><line number="914" hits="0"/><line number="915" hits="0"/><line number="916" hits="0"/><line number="917" hits="0"/><line number="919" hits="0"/><line number="920" hits="0"/><line number="921" hits="0"/><line number="923" hits="0"/><line number="925" hits="0"/><line number="926" hits="0"/><line number="927" hits="0"/><line number="928" hits="0"/><line number="929" hits="0"/><line number="930" hits="0"/><line number="931" hits="0"/><line number="932" hits="0"/><line number="934" hits="0"/><line number="935" hits="0"/><line number="936" hits="0"/><line number="938" hits="0"/><line number="939" hits="0"/><line number="941" hits="0"/><line number="942" hits="0"/><line number="943" hits="0"/><line number="944" hits="0"/><line number="946" hits="0"/><line number="947" hits="0"/><line number="948" hits="0"/><line number="949" hits="0"/><line number="950" hits="0"/><line number="951" hits="0"/><line number="952" hits="0"/><line number="953" hits="0"/><line number="955" hits="0"/><line number="956" hits="0"/><line number="957" hits="0"/><line number="959" hits="0"/><line number="961" hits="9"/><line number="962" hits="9"/><line number="963" hits="0"/><line number="964" hits="1"/><line number="966" hits="9"/><line number="967" hits="0"/><line number="968" hits="0"/><line number="969" hits="0"/><line number="970" hits="0"/><line number="972" hits="0"/><line number="975" hits="0"/><line number="978" hits="25"/></lines></class></classes></package><package name="identity/src/identifier" line-rate="0.5901639344262295" branch-rate="0" complexity="0"><classes><class name="digest_identifier" filename="identity/src/identifier/digest_identifier.rs" line-rate="0.725" branch-rate="0" complexity="0"><methods/><lines><line number="29" hits="0"/><line number="30" hits="0"/><line number="31" hits="0"/><line number="32" hits="0"/><line number="35" hits="60"/><line number="39" hits="120"/><line number="40" hits="120"/><line number="41" hits="0"/><line number="42" hits="0"/><line number="45" hits="1"/><line number="48" hits="2"/><line number="49" hits="2"/><line number="50" hits="0"/><line number="51" hits="0"/><line number="54" hits="76"/><line number="57" hits="76"/><line number="63" hits="50"/><line number="66" hits="50"/><line number="72" hits="31"/><line number="73" hits="31"/><line number="81" hits="15"/><line number="82" hits="15"/><line number="83" hits="0"/><line number="85" hits="15"/><line number="88" hits="15"/><line number="89" hits="15"/><line number="90" hits="15"/><line number="93" hits="0"/><line number="99" hits="315"/><line number="100" hits="315"/><line number="102" hits="113"/><line number="103" hits="113"/><line number="108" hits="140"/><line number="112" hits="140"/><line number="117" hits="30"/><line number="121" hits="30"/><line number="122" hits="30"/><line number="123" hits="0"/><line number="124" hits="15"/><line number="126" hits="15"/></lines></class><class name="key_identifier" filename="identity/src/identifier/key_identifier.rs" line-rate="0.8043478260869565" branch-rate="0" complexity="0"><methods/><lines><line number="41" hits="88"/><line number="43" hits="88"/><line number="48" hits="31"/><line number="49" hits="31"/><line number="50" hits="31"/><line number="51" hits="0"/><line number="55" hits="13"/><line number="60" hits="13"/><line number="62" hits="11"/><line number="63" hits="11"/><line number="64" hits="11"/><line number="65" hits="11"/><line number="66" hits="11"/><line number="68" hits="0"/><line number="69" hits="0"/><line number="75" hits="2"/><line number="76" hits="2"/><line number="77" hits="2"/><line number="78" hits="2"/><line number="79" hits="2"/><line number="81" hits="0"/><line number="82" hits="0"/><line number="92" hits="8"/><line number="94" hits="8"/><line number="101" hits="13"/><line number="102" hits="13"/><line number="110" hits="43"/><line number="111" hits="86"/><line number="113" hits="86"/><line number="114" hits="43"/><line number="115" hits="43"/><line number="116" hits="43"/><line number="117" hits="43"/><line number="120" hits="0"/><line number="121" hits="0"/><line number="122" hits="0"/><line number="130" hits="210"/><line number="131" hits="210"/><line number="134" hits="105"/><line number="135" hits="105"/><line number="141" hits="90"/><line number="145" hits="90"/><line number="151" hits="23"/><line number="155" hits="23"/><line number="156" hits="23"/><line number="158" hits="0"/></lines></class><class name="mod" filename="identity/src/identifier/mod.rs" line-rate="0.2" branch-rate="0" complexity="0"><methods/><lines><line number="40" hits="0"/><line number="41" hits="0"/><line number="51" hits="301"/><line number="52" hits="301"/><line number="53" hits="58"/><line number="54" hits="243"/><line number="55" hits="243"/><line number="56" hits="243"/><line number="66" hits="0"/><line number="67" hits="0"/><line number="69" hits="0"/><line number="70" hits="0"/><line number="71" hits="0"/><line number="72" hits="0"/><line number="74" hits="0"/><line number="80" hits="0"/><line number="81" hits="0"/><line number="82" hits="0"/><line number="83" hits="0"/><line number="84" hits="0"/><line number="88" hits="0"/><line number="89" hits="0"/><line number="90" hits="0"/><line number="91" hits="0"/><line number="92" hits="0"/><line number="98" hits="0"/><line number="102" hits="0"/><line number="107" hits="0"/><line number="111" hits="0"/><line number="112" hits="0"/></lines></class><class name="signature_identifier" filename="identity/src/identifier/signature_identifier.rs" line-rate="0.6666666666666666" branch-rate="0" complexity="0"><methods/><lines><line number="33" hits="43"/><line number="36" hits="43"/><line number="43" hits="0"/><line number="46" hits="0"/><line number="52" hits="50"/><line number="53" hits="50"/><line number="55" hits="25"/><line number="56" hits="25"/><line number="61" hits="0"/><line number="62" hits="0"/><line number="69" hits="10"/><line number="70" hits="20"/><line number="73" hits="10"/><line number="74" hits="10"/><line number="75" hits="10"/><line number="78" hits="0"/><line number="79" hits="0"/><line number="80" hits="0"/><line number="87" hits="25"/><line number="91" hits="25"/><line number="96" hits="6"/><line number="100" hits="6"/><line number="101" hits="6"/><line number="103" hits="0"/></lines></class></classes></package><package name="kore-base/src" line-rate="0.4883258817685047" branch-rate="0" complexity="0"><classes><class name="api" filename="kore-base/src/api.rs" line-rate="0" branch-rate="0" complexity="0"><methods/><lines><line number="26" hits="0"/><line number="31" hits="0"/><line number="35" hits="0"/><line number="36" hits="0"/><line number="37" hits="0"/><line number="38" hits="0"/><line number="39" hits="0"/><line number="43" hits="0"/></lines></class><class name="config" filename="kore-base/src/config.rs" line-rate="1" branch-rate="0" complexity="0"><methods/><lines><line number="22" hits="6"/><line number="26" hits="6"/></lines></class><class name="db" filename="kore-base/src/db.rs" line-rate="0.8" branch-rate="0" complexity="0"><methods/><lines><line number="30" hits="6"/><line number="31" hits="6"/><line number="32" hits="6"/><line number="33" hits="6"/><line number="34" hits="6"/><line number="42" hits="0"/><line number="48" hits="32"/><line number="53" hits="32"/><line number="54" hits="32"/><line number="55" hits="64"/><line number="78" hits="0"/><line number="79" hits="0"/><line number="80" hits="0"/><line number="82" hits="0"/><line number="86" hits="6"/><line number="87" hits="6"/><line number="88" hits="6"/><line number="90" hits="6"/><line number="94" hits="24"/><line number="95" hits="24"/><line number="96" hits="24"/><line number="98" hits="24"/><line number="102" hits="0"/><line number="103" hits="0"/><line number="104" hits="0"/><line number="106" hits="0"/><line number="110" hits="16"/><line number="114" hits="16"/><line number="115" hits="16"/><line number="117" hits="16"/><line number="130" hits="36"/><line number="132" hits="48"/><line number="133" hits="32"/><line number="134" hits="16"/><line number="135" hits="16"/><line number="136" hits="16"/><line number="137" hits="16"/><line number="142" hits="48"/><line number="143" hits="30"/><line number="146" hits="16"/><line number="148" hits="23"/><line number="150" hits="16"/><line number="153" hits="25"/><line number="156" hits="32"/><line number="157" hits="32"/></lines></class><class name="lib" filename="kore-base/src/lib.rs" line-rate="0.6923076923076923" branch-rate="0" complexity="0"><methods/><lines><line number="50" hits="6"/><line number="55" hits="12"/><line number="56" hits="0"/><line number="58" hits="12"/><line number="59" hits="0"/><line number="63" hits="6"/><line number="66" hits="6"/><line number="67" hits="0"/><line number="70" hits="12"/><line number="71" hits="0"/><line number="74" hits="11"/><line number="75" hits="5"/><line number="78" hits="6"/></lines></class><class name="node" filename="kore-base/src/node.rs" line-rate="0.8333333333333334" branch-rate="0" complexity="0"><methods/><lines><line number="66" hits="4"/><line number="70" hits="4"/><line number="71" hits="4"/><line number="72" hits="4"/><line number="73" hits="4"/><line number="74" hits="4"/><line number="75" hits="4"/><line number="76" hits="4"/><line number="86" hits="10"/><line number="87" hits="10"/><line number="91" hits="0"/><line number="92" hits="0"/><line number="96" hits="0"/><line number="97" hits="0"/><line number="101" hits="1"/><line number="102" hits="1"/><line number="106" hits="2"/><line number="107" hits="2"/><line number="111" hits="0"/><line number="112" hits="0"/><line number="116" hits="0"/><line number="117" hits="0"/><line number="121" hits="7"/><line number="122" hits="7"/><line number="126" hits="0"/><line number="127" hits="0"/><line number="130" hits="4"/><line number="131" hits="4"/><line number="132" hits="8"/><line number="186" hits="11"/><line number="187" hits="15"/><line number="189" hits="10"/><line number="196" hits="2"/><line number="197" hits="3"/><line number="198" hits="2"/><line number="205" hits="3"/><line number="206" hits="3"/><line number="207" hits="0"/><line number="208" hits="0"/><line number="210" hits="0"/><line number="211" hits="0"/><line number="213" hits="2"/><line number="214" hits="2"/><line number="216" hits="1"/><line number="217" hits="1"/><line number="223" hits="1"/><line number="224" hits="1"/><line number="225" hits="1"/><line number="226" hits="1"/><line number="227" hits="1"/><line number="238" hits="48"/><line number="239" hits="24"/><line number="240" hits="24"/><line number="241" hits="34"/><line number="243" hits="28"/><line number="244" hits="28"/><line number="245" hits="28"/><line number="248" hits="28"/><line number="249" hits="28"/><line number="250" hits="24"/><line number="253" hits="24"/><line number="254" hits="24"/><line number="255" hits="24"/><line number="256" hits="24"/><line number="257" hits="24"/><line number="258" hits="24"/><line number="261" hits="31"/><line number="262" hits="31"/><line number="263" hits="31"/><line number="264" hits="31"/><line number="265" hits="42"/><line number="266" hits="31"/><line number="269" hits="27"/><line number="270" hits="27"/><line number="271" hits="24"/><line number="272" hits="24"/><line number="274" hits="24"/><line number="275" hits="24"/><line number="277" hits="25"/><line number="278" hits="25"/><line number="280" hits="26"/><line number="281" hits="26"/><line number="284" hits="27"/><line number="294" hits="9"/></lines></class></classes></package><package name="identity/src" line-rate="0.6391752577319587" branch-rate="0" complexity="0"><classes></classes></package><package name="identity/src/keys" line-rate="0.6887966804979253" branch-rate="0" complexity="0"><classes><class name="ed25519" filename="identity/src/keys/ed25519.rs" line-rate="0.8235294117647058" branch-rate="0" complexity="0"><methods/><lines><line number="24" hits="26"/><line number="25" hits="26"/><line number="26" hits="26"/><line number="27" hits="26"/><line number="32" hits="26"/><line number="33" hits="26"/><line number="36" hits="11"/><line number="38" hits="11"/><line number="44" hits="63"/><line number="45" hits="63"/><line number="47" hits="63"/><line number="53" hits="63"/><line number="54" hits="63"/><line number="59" hits="105"/><line number="60" hits="105"/><line number="63" hits="79"/><line number="64" hits="79"/><line number="67" hits="17"/><line number="68" hits="17"/><line number="69" hits="17"/><line number="70" hits="17"/><line number="71" hits="17"/><line number="74" hits="1"/><line number="75" hits="2"/><line number="76" hits="1"/><line number="77" hits="1"/><line number="79" hits="0"/><line number="80" hits="1"/><line number="83" hits="1"/><line number="90" hits="1"/><line number="92" hits="2"/><line number="93" hits="1"/><line number="94" hits="1"/><line number="99" hits="1"/><line number="100" hits="1"/><line number="102" hits="0"/><line number="108" hits="36"/><line number="109" hits="72"/><line number="110" hits="36"/><line number="112" hits="36"/><line number="113" hits="36"/><line number="115" hits="0"/><line number="116" hits="36"/><line number="117" hits="0"/><line number="119" hits="36"/><line number="120" hits="36"/><line number="122" hits="0"/><line number="123" hits="0"/><line number="128" hits="15"/><line number="129" hits="30"/><line number="130" hits="30"/><line number="132" hits="15"/><line number="133" hits="15"/><line number="134" hits="15"/><line number="135" hits="0"/><line number="138" hits="0"/><line number="139" hits="0"/><line number="146" hits="0"/><line number="152" hits="1"/><line number="153" hits="1"/><line number="159" hits="17"/><line number="163" hits="17"/><line number="169" hits="5"/><line number="173" hits="10"/><line number="174" hits="5"/><line number="175" hits="0"/><line number="176" hits="0"/><line number="177" hits="5"/></lines></class><class name="mod" filename="identity/src/keys/mod.rs" line-rate="0.47959183673469385" branch-rate="0" complexity="0"><methods/><lines><line number="42" hits="81"/><line number="43" hits="81"/><line number="44" hits="81"/><line number="46" hits="0"/><line number="50" hits="23"/><line number="51" hits="23"/><line number="54" hits="0"/><line number="58" hits="0"/><line number="59" hits="0"/><line number="60" hits="0"/><line number="64" hits="0"/><line number="65" hits="0"/><line number="73" hits="6"/><line number="74" hits="6"/><line number="80" hits="2"/><line number="83" hits="4"/><line number="95" hits="82"/><line number="96" hits="82"/><line number="97" hits="82"/><line number="98" hits="164"/><line number="99" hits="0"/><line number="101" hits="82"/><line number="103" hits="0"/><line number="104" hits="0"/><line number="110" hits="99"/><line number="111" hits="99"/><line number="112" hits="99"/><line number="113" hits="0"/><line number="115" hits="99"/><line number="139" hits="18"/><line number="140" hits="18"/><line number="148" hits="31"/><line number="152" hits="31"/><line number="188" hits="56"/><line number="189" hits="56"/><line number="191" hits="56"/><line number="195" hits="0"/><line number="204" hits="81"/><line number="205" hits="81"/><line number="206" hits="81"/><line number="208" hits="0"/><line number="214" hits="6"/><line number="215" hits="6"/><line number="216" hits="6"/><line number="218" hits="0"/><line number="222" hits="0"/><line number="223" hits="0"/><line number="224" hits="0"/><line number="226" hits="0"/><line number="230" hits="0"/><line number="231" hits="0"/><line number="232" hits="0"/><line number="234" hits="0"/><line number="238" hits="0"/><line number="242" hits="0"/><line number="244" hits="0"/><line number="248" hits="0"/><line number="255" hits="33"/><line number="256" hits="33"/><line number="257" hits="32"/><line number="259" hits="1"/><line number="263" hits="2"/><line number="264" hits="2"/><line number="265" hits="1"/><line number="267" hits="1"/><line number="274" hits="0"/><line number="278" hits="0"/><line number="279" hits="0"/><line number="280" hits="0"/><line number="281" hits="0"/><line number="282" hits="0"/><line number="285" hits="0"/><line number="286" hits="0"/><line number="287" hits="0"/><line number="288" hits="0"/><line number="296" hits="0"/><line number="297" hits="0"/><line number="298" hits="0"/><line number="299" hits="0"/><line number="300" hits="0"/><line number="301" hits="0"/><line number="302" hits="0"/><line number="305" hits="0"/><line number="306" hits="0"/><line number="307" hits="0"/><line number="308" hits="0"/><line number="310" hits="0"/><line number="311" hits="0"/><line number="312" hits="0"/><line number="341" hits="37"/><line number="342" hits="37"/><line number="343" hits="37"/><line number="344" hits="34"/><line number="345" hits="0"/><line number="347" hits="5"/><line number="348" hits="2"/><line number="350" hits="1"/><line number="352" hits="36"/></lines></class><class name="secp256k1" filename="identity/src/keys/secp256k1.rs" line-rate="0.84" branch-rate="0" complexity="0"><methods/><lines><line number="34" hits="7"/><line number="35" hits="7"/><line number="36" hits="7"/><line number="37" hits="7"/><line number="42" hits="7"/><line number="43" hits="7"/><line number="46" hits="2"/><line number="47" hits="2"/><line number="55" hits="1"/><line number="56" hits="1"/><line number="58" hits="1"/><line number="64" hits="1"/><line number="65" hits="1"/><line number="70" hits="5"/><line number="71" hits="5"/><line number="74" hits="1"/><line number="75" hits="1"/><line number="78" hits="1"/><line number="79" hits="1"/><line number="80" hits="1"/><line number="81" hits="1"/><line number="82" hits="1"/><line number="85" hits="1"/><line number="86" hits="2"/><line number="87" hits="1"/><line number="88" hits="0"/><line number="89" hits="0"/><line number="92" hits="1"/><line number="94" hits="0"/><line number="95" hits="1"/><line number="98" hits="1"/><line number="105" hits="1"/><line number="107" hits="1"/><line number="108" hits="1"/><line number="109" hits="0"/><line number="111" hits="1"/><line number="112" hits="1"/><line number="117" hits="1"/><line number="118" hits="1"/><line number="120" hits="0"/><line number="126" hits="5"/><line number="127" hits="10"/><line number="128" hits="5"/><line number="130" hits="5"/><line number="131" hits="5"/><line number="133" hits="0"/><line number="134" hits="5"/><line number="135" hits="0"/><line number="138" hits="5"/><line number="139" hits="5"/><line number="140" hits="5"/><line number="141" hits="5"/><line number="143" hits="0"/><line number="144" hits="0"/><line number="149" hits="6"/><line number="150" hits="12"/><line number="162" hits="5"/><line number="164" hits="1"/><line number="170" hits="0"/><line number="177" hits="1"/><line number="181" hits="1"/><line number="187" hits="1"/><line number="191" hits="2"/><line number="192" hits="1"/><line number="193" hits="0"/><line number="194" hits="0"/><line number="196" hits="1"/><line number="197" hits="1"/><line number="202" hits="11"/><line number="203" hits="11"/><line number="204" hits="11"/><line number="205" hits="11"/><line number="206" hits="11"/><line number="210" hits="1"/><line number="211" hits="1"/></lines></class></classes></package><package name="kore-base/src/evaluation/compiler" line-rate="0" branch-rate="0" complexity="0"><classes></classes></package><package name="kore-base/src/model" line-rate="0.5100401606425703" branch-rate="0" complexity="0"><classes><class name="event" filename="kore-base/src/model/event.rs" line-rate="0.76" branch-rate="0" complexity="0"><methods/><lines><line number="72" hits="7"/><line number="79" hits="14"/><line number="80" hits="0"/><line number="95" hits="7"/><line number="97" hits="0"/><line number="98" hits="0"/><line number="101" hits="7"/><line number="102" hits="7"/><line number="103" hits="7"/><line number="104" hits="7"/><line number="105" hits="7"/><line number="106" hits="7"/><line number="107" hits="7"/><line number="108" hits="7"/><line number="109" hits="7"/><line number="110" hits="7"/><line number="111" hits="7"/><line number="112" hits="7"/><line number="113" hits="7"/><line number="119" hits="0"/><line number="123" hits="0"/><line number="124" hits="0"/><line number="129" hits="6"/><line number="133" hits="6"/><line number="134" hits="12"/></lines></class><class name="mod" filename="kore-base/src/model/mod.rs" line-rate="1" branch-rate="0" complexity="0"><methods/><lines><line number="59" hits="32"/><line number="60" hits="32"/></lines></class><class name="namespace" filename="kore-base/src/model/namespace.rs" line-rate="0.7936507936507936" branch-rate="0" complexity="0"><methods/><lines><line number="38" hits="4"/><line number="39" hits="4"/><line number="48" hits="0"/><line number="49" hits="0"/><line number="58" hits="1"/><line number="59" hits="1"/><line number="60" hits="0"/><line number="61" hits="1"/><line number="62" hits="1"/><line number="64" hits="0"/><line number="74" hits="4"/><line number="75" hits="4"/><line number="76" hits="4"/><line number="77" hits="4"/><line number="78" hits="4"/><line number="80" hits="0"/><line number="90" hits="1"/><line number="91" hits="2"/><line number="100" hits="47"/><line number="101" hits="47"/><line number="114" hits="3"/><line number="115" hits="6"/><line number="116" hits="1"/><line number="117" hits="2"/><line number="118" hits="0"/><line number="119" hits="2"/><line number="120" hits="1"/><line number="122" hits="1"/><line number="123" hits="1"/><line number="124" hits="1"/><line number="134" hits="17"/><line number="135" hits="17"/><line number="148" hits="17"/><line number="149" hits="17"/><line number="150" hits="17"/><line number="163" hits="1"/><line number="164" hits="1"/><line number="165" hits="1"/><line number="178" hits="1"/><line number="179" hits="1"/><line number="192" hits="1"/><line number="193" hits="1"/><line number="202" hits="3"/><line number="203" hits="3"/><line number="208" hits="41"/><line number="209" hits="41"/><line number="210" hits="16"/><line number="211" hits="18"/><line number="212" hits="7"/><line number="218" hits="0"/><line number="219" hits="0"/><line number="221" hits="0"/><line number="223" hits="0"/><line number="224" hits="0"/><line number="230" hits="4"/><line number="231" hits="4"/><line number="236" hits="40"/><line number="237" hits="40"/><line number="239" hits="130"/><line number="240" hits="114"/><line number="243" hits="40"/><line number="248" hits="0"/><line number="249" hits="0"/></lines></class><class name="request" filename="kore-base/src/model/request.rs" line-rate="0" branch-rate="0" complexity="0"><methods/><lines><line number="121" hits="0"/><line number="122" hits="0"/><line number="123" hits="0"/><line number="126" hits="0"/><line number="132" hits="0"/><line number="136" hits="0"/><line number="137" hits="0"/><line number="181" hits="0"/><line number="184" hits="0"/><line number="185" hits="0"/><line number="186" hits="0"/><line number="188" hits="0"/><line number="189" hits="0"/><line number="190" hits="0"/><line number="191" hits="0"/><line number="193" hits="0"/><line number="194" hits="0"/><line number="196" hits="0"/><line number="197" hits="0"/></lines></class><class name="signature" filename="kore-base/src/model/signature.rs" line-rate="0.75" branch-rate="0" complexity="0"><methods/><lines><line number="53" hits="31"/><line number="59" hits="31"/><line number="60" hits="31"/><line number="62" hits="31"/><line number="66" hits="31"/><line number="67" hits="31"/><line number="69" hits="62"/><line number="70" hits="31"/><line number="71" hits="0"/><line number="72" hits="0"/><line number="73" hits="31"/><line number="74" hits="31"/><line number="75" hits="31"/><line number="76" hits="31"/><line number="77" hits="31"/><line number="78" hits="31"/><line number="79" hits="31"/><line number="85" hits="9"/><line number="86" hits="9"/><line number="89" hits="9"/><line number="90" hits="9"/><line number="92" hits="18"/><line number="93" hits="0"/><line number="94" hits="0"/><line number="95" hits="0"/><line number="106" hits="1"/><line number="107" hits="1"/><line number="112" hits="0"/><line number="113" hits="0"/><line number="142" hits="0"/><line number="147" hits="1"/><line number="148" hits="1"/></lines></class><class name="wrapper" filename="kore-base/src/model/wrapper.rs" line-rate="0.2962962962962963" branch-rate="0" complexity="0"><methods/><lines><line number="25" hits="0"/><line number="26" hits="0"/><line number="29" hits="0"/><line number="30" hits="0"/><line number="35" hits="2"/><line number="36" hits="2"/><line number="41" hits="0"/><line number="45" hits="0"/><line number="46" hits="0"/><line number="51" hits="26"/><line number="55" hits="26"/><line number="60" hits="5"/><line number="64" hits="5"/><line number="65" hits="5"/><line number="66" hits="5"/><line number="67" hits="0"/><line number="68" hits="5"/><line number="74" hits="811"/><line number="75" hits="811"/><line number="76" hits="0"/><line number="77" hits="0"/><line number="78" hits="0"/><line number="80" hits="0"/><line number="81" hits="0"/><line number="82" hits="0"/><line number="83" hits="0"/><line number="84" hits="0"/><line number="85" hits="0"/><line number="86" hits="0"/><line number="87" hits="0"/><line number="88" hits="0"/><line number="89" hits="0"/><line number="90" hits="0"/><line number="92" hits="0"/><line number="93" hits="0"/><line number="94" hits="0"/><line number="98" hits="447"/><line number="99" hits="447"/><line number="100" hits="447"/><line number="102" hits="77"/><line number="103" hits="77"/><line number="104" hits="77"/><line number="105" hits="313"/><line number="106" hits="0"/><line number="107" hits="0"/><line number="109" hits="77"/><line number="111" hits="282"/><line number="112" hits="282"/><line number="113" hits="282"/><line number="114" hits="1610"/><line number="115" hits="0"/><line number="116" hits="664"/><line number="117" hits="664"/><line number="119" hits="282"/><line number="121" hits="5"/><line number="128" hits="1"/><line number="129" hits="2"/><line number="130" hits="0"/><line number="131" hits="0"/><line number="132" hits="0"/><line number="133" hits="0"/><line number="135" hits="0"/><line number="136" hits="0"/><line number="137" hits="0"/><line number="138" hits="0"/><line number="139" hits="0"/><line number="140" hits="0"/><line number="141" hits="0"/><line number="142" hits="0"/><line number="143" hits="0"/><line number="146" hits="0"/><line number="147" hits="0"/><line number="148" hits="0"/><line number="149" hits="0"/><line number="151" hits="0"/><line number="152" hits="0"/><line number="153" hits="0"/><line number="154" hits="0"/><line number="156" hits="0"/><line number="157" hits="0"/><line number="158" hits="0"/><line number="159" hits="0"/><line number="160" hits="0"/><line number="165" hits="0"/><line number="166" hits="1"/><line number="167" hits="1"/><line number="168" hits="1"/><line number="170" hits="0"/><line number="171" hits="0"/><line number="172" hits="0"/><line number="173" hits="0"/><line number="175" hits="0"/><line number="176" hits="0"/><line number="177" hits="0"/><line number="178" hits="0"/><line number="180" hits="0"/><line number="183" hits="0"/><line number="184" hits="0"/><line number="185" hits="0"/><line number="186" hits="0"/><line number="187" hits="0"/><line number="188" hits="0"/><line number="189" hits="0"/><line number="191" hits="0"/><line number="193" hits="0"/><line number="194" hits="0"/><line number="195" hits="0"/><line number="196" hits="0"/></lines></class></classes></package><package name="kore-base/tests/common" line-rate="0.9052631578947369" branch-rate="0" complexity="0"><classes><class name="mod" filename="kore-base/tests/common/mod.rs" line-rate="0.9052631578947369" branch-rate="0" complexity="0"><methods/><lines><line number="21" hits="6"/><line number="22" hits="3"/><line number="23" hits="3"/><line number="24" hits="3"/><line number="25" hits="6"/><line number="29" hits="5"/><line number="34" hits="5"/><line number="35" hits="5"/><line number="36
[...]
sses><class name="failures" filename="protocols/tell/tests/failures.rs" line-rate="0.6666666666666666" branch-rate="0" complexity="0"><methods/><lines><line number="93" hits="2"/><line number="95" hits="0"/><line number="96" hits="3"/><line number="103" hits="1"/><line number="107" hits="4"/><line number="109" hits="1"/><line number="110" hits="1"/><line number="111" hits="1"/><line number="112" hits="1"/><line number="113" hits="1"/><line number="115" hits="0"/><line number="116" hits="0"/><line number="121" hits="1"/><line number="125" hits="1"/><line number="127" hits="0"/><line number="128" hits="0"/><line number="129" hits="0"/><line number="130" hits="0"/><line number="131" hits="0"/><line number="133" hits="0"/><line number="134" hits="0"/><line number="139" hits="4"/><line number="142" hits="4"/><line number="143" hits="4"/><line number="144" hits="4"/><line number="146" hits="4"/><line number="148" hits="8"/><line number="149" hits="4"/><line number="151" hits="4"/><line number="153" hits="4"/><line number="156" hits="4"/><line number="157" hits="4"/><line number="170" hits="0"/><line number="171" hits="0"/><line number="172" hits="0"/><line number="173" hits="0"/><line number="181" hits="0"/><line number="182" hits="0"/><line number="183" hits="0"/><line number="184" hits="0"/><line number="185" hits="0"/><line number="203" hits="2"/><line number="204" hits="3"/><line number="206" hits="2"/><line number="207" hits="2"/><line number="210" hits="1"/><line number="212" hits="1"/><line number="213" hits="1"/><line number="214" hits="1"/><line number="216" hits="1"/><line number="229" hits="2"/><line number="230" hits="1"/><line number="231" hits="2"/><line number="233" hits="1"/><line number="234" hits="1"/><line number="235" hits="1"/><line number="236" hits="1"/></lines></class></classes></package><package name="protocols/tell/src" line-rate="0.5668016194331984" branch-rate="0" complexity="0"><classes><class name="cache" filename="protocols/tell/src/cache.rs" line-rate="0.8181818181818182" branch-rate="0" complexity="0"><methods/><lines><line number="26" hits="21"/><line number="27" hits="21"/><line number="33" hits="114"/><line number="34" hits="2"/><line number="37" hits="19"/><line number="40" hits="21"/><line number="41" hits="40"/><line number="42" hits="2"/><line number="43" hits="38"/><line number="46" hits="1"/><line number="47" hits="1"/><line number="50" hits="4"/><line number="51" hits="1"/><line number="53" hits="1"/><line number="55" hits="73"/><line number="60" hits="2"/><line number="61" hits="2"/><line number="62" hits="2"/><line number="63" hits="1"/><line number="64" hits="1"/><line number="66" hits="1"/><line number="67" hits="1"/><line number="68" hits="1"/><line number="69" hits="1"/><line number="71" hits="1"/><line number="74" hits="0"/><line number="79" hits="0"/><line number="83" hits="0"/><line number="84" hits="0"/><line number="86" hits="0"/><line number="92" hits="1"/><line number="93" hits="1"/><line number="94" hits="0"/><line number="95" hits="0"/><line number="96" hits="0"/><line number="98" hits="1"/><line number="104" hits="21"/><line number="105" hits="21"/><line number="112" hits="2"/><line number="116" hits="2"/><line number="120" hits="40"/><line number="121" hits="117"/><line number="122" hits="79"/><line number="125" hits="75"/></lines></class><class name="handler" filename="protocols/tell/src/handler.rs" line-rate="0.34507042253521125" branch-rate="0" complexity="0"><methods/><lines><line number="79" hits="29"/><line number="86" hits="29"/><line number="90" hits="29"/><line number="91" hits="29"/><line number="92" hits="29"/><line number="96" hits="29"/><line number="104" hits="80"/><line number="105" hits="80"/><line number="109" hits="80"/><line number="119" hits="80"/><line number="120" hits="80"/><line number="121" hits="80"/><line number="123" hits="160"/><line number="124" hits="80"/><line number="125" hits="238"/><line number="126" hits="77"/><line number="127" hits="77"/><line number="128" hits="77"/><line number="130" hits="77"/><line number="131" hits="77"/><line number="134" hits="80"/><line number="135" hits="80"/><line number="136" hits="80"/><line number="139" hits="0"/><line number="144" hits="80"/><line number="154" hits="80"/><line number="155" hits="80"/><line number="159" hits="80"/><line number="160" hits="80"/><line number="162" hits="160"/><line number="163" hits="80"/><line number="164" hits="80"/><line number="165" hits="81"/><line number="166" hits="79"/><line number="167" hits="79"/><line number="170" hits="80"/><line number="171" hits="80"/><line number="172" hits="80"/><line number="175" hits="0"/><line number="182" hits="0"/><line number="189" hits="0"/><line number="190" hits="0"/><line number="194" hits="0"/><line number="195" hits="0"/><line number="196" hits="0"/><line number="197" hits="0"/><line number="199" hits="0"/><line number="205" hits="0"/><line number="206" hits="0"/><line number="209" hits="0"/><line number="210" hits="0"/><line number="211" hits="0"/><line number="212" hits="0"/><line number="213" hits="0"/><line number="215" hits="0"/><line number="221" hits="0"/><line number="228" hits="0"/><line number="265" hits="0"/><line number="266" hits="0"/><line number="267" hits="0"/><line number="268" hits="0"/><line number="270" hits="0"/><line number="271" hits="0"/><line number="273" hits="0"/><line number="274" hits="0"/><line number="276" hits="0"/><line number="277" hits="0"/><line number="279" hits="0"/><line number="280" hits="0"/><line number="282" hits="0"/><line number="283" hits="0"/><line number="284" hits="0"/><line number="286" hits="0"/><line number="287" hits="0"/><line number="304" hits="0"/><line number="305" hits="0"/><line number="320" hits="1284"/><line number="324" hits="1284"/><line number="325" hits="1284"/><line number="331" hits="80"/><line number="332" hits="80"/><line number="350" hits="0"/><line number="351" hits="0"/><line number="352" hits="0"/><line number="353" hits="0"/><line number="356" hits="0"/><line number="357" hits="0"/><line number="358" hits="0"/><line number="359" hits="0"/><line number="360" hits="0"/><line number="364" hits="0"/><line number="365" hits="0"/><line number="366" hits="0"/><line number="367" hits="0"/><line number="368" hits="0"/><line number="372" hits="0"/><line number="373" hits="0"/><line number="374" hits="0"/><line number="375" hits="0"/><line number="376" hits="0"/><line number="377" hits="0"/><line number="380" hits="0"/><line number="381" hits="0"/><line number="382" hits="0"/><line number="383" hits="0"/><line number="384" hits="0"/><line number="385" hits="0"/><line number="388" hits="0"/><line number="392" hits="0"/><line number="393" hits="0"/><line number="394" hits="0"/><line number="396" hits="0"/><line number="400" hits="0"/><line number="401" hits="0"/><line number="404" hits="0"/><line number="405" hits="0"/><line number="406" hits="0"/><line number="407" hits="0"/><line number="413" hits="0"/><line number="414" hits="0"/><line number="415" hits="0"/><line number="417" hits="0"/><line number="418" hits="0"/><line number="419" hits="0"/><line number="420" hits="0"/><line number="427" hits="0"/><line number="429" hits="0"/><line number="430" hits="0"/><line number="433" hits="0"/><line number="436" hits="209"/><line number="445" hits="209"/><line number="446" hits="0"/><line number="447" hits="80"/><line number="448" hits="80"/><line number="449" hits="0"/><line number="450" hits="80"/><line number="451" hits="80"/><line number="452" hits="0"/><line number="453" hits="0"/><line number="455" hits="0"/><line number="456" hits="0"/><line number="458" hits="49"/></lines></class><class name="lib" filename="protocols/tell/src/lib.rs" line-rate="0.6125" branch-rate="0" complexity="0"><methods/><lines><line number="96" hits="0"/><line number="97" hits="0"/><line number="109" hits="0"/><line number="110" hits="0"/><line number="137" hits="0"/><line number="138" hits="0"/><line number="140" hits="0"/><line number="143" hits="0"/><line number="146" hits="0"/><line number="147" hits="0"/><line number="152" hits="0"/><line number="154" hits="0"/><line number="155" hits="0"/><line number="182" hits="0"/><line number="183" hits="0"/><line number="185" hits="0"/><line number="188" hits="0"/><line number="190" hits="0"/><line number="191" hits="0"/><line number="194" hits="0"/><line number="209" hits="0"/><line number="221" hits="19"/><line number="223" hits="19"/><line number="231" hits="4"/><line number="232" hits="4"/><line number="233" hits="4"/><line number="237" hits="0"/><line number="238" hits="0"/><line number="239" hits="0"/><line number="243" hits="0"/><line number="244" hits="0"/><line number="248" hits="0"/><line number="249" hits="0"/><line number="290" hits="20"/><line number="294" hits="20"/><line number="304" hits="20"/><line number="308" hits="20"/><line number="309" hits="20"/><line number="310" hits="60"/><line number="311" hits="20"/><line number="312" hits="20"/><line number="314" hits="40"/><line number="315" hits="20"/><line number="321" hits="20"/><line number="322" hits="20"/><line number="325" hits="20"/><line number="326" hits="20"/><line number="327" hits="20"/><line number="328" hits="20"/><line number="333" hits="83"/><line number="338" hits="83"/><line number="342" hits="83"/><line number="345" hits="88"/><line number="346" hits="0"/><line number="347" hits="0"/><line number="349" hits="0"/><line number="350" hits="0"/><line number="352" hits="0"/><line number="355" hits="83"/><line number="359" hits="0"/><line number="360" hits="0"/><line number="364" hits="0"/><line number="369" hits="0"/><line number="373" hits="0"/><line number="377" hits="0"/><line number="381" hits="83"/><line number="382" hits="83"/><line number="383" hits="83"/><line number="384" hits="83"/><line number="390" hits="83"/><line number="395" hits="161"/><line number="396" hits="0"/><line number="397" hits="0"/><line number="399" hits="78"/><line number="400" hits="78"/><line number="401" hits="78"/><line number="402" hits="78"/><line number="403" hits="78"/><line number="404" hits="78"/><line number="405" hits="78"/><line number="407" hits="78"/><line number="409" hits="5"/><line number="414" hits="0"/><line number="415" hits="0"/><line number="416" hits="0"/><line number="418" hits="0"/><line number="423" hits="3"/><line number="429" hits="3"/><line number="430" hits="3"/><line number="431" hits="3"/><line number="432" hits="4"/><line number="433" hits="1"/><line number="434" hits="3"/><line number="438" hits="3"/><line number="439" hits="3"/><line number="440" hits="3"/><line number="441" hits="12"/><line number="443" hits="3"/><line number="447" hits="29"/><line number="454" hits="29"/><line number="456" hits="3"/><line number="457" hits="29"/><line number="459" hits="12"/><line number="460" hits="3"/><line number="461" hits="3"/><line number="465" hits="29"/><line number="468" hits="10"/><line number="477" hits="10"/><line number="481" hits="10"/><line number="483" hits="33"/><line number="484" hits="30"/><line number="487" hits="20"/><line number="488" hits="17"/><line number="489" hits="7"/><line number="492" hits="10"/><line number="493" hits="0"/><line number="494" hits="0"/><line number="495" hits="0"/><line number="496" hits="0"/><line number="497" hits="0"/><line number="503" hits="2"/><line number="504" hits="4"/><line number="511" hits="1"/><line number="513" hits="4"/><line number="514" hits="1"/><line number="515" hits="1"/><line number="516" hits="1"/><line number="517" hits="1"/><line number="518" hits="1"/><line number="526" hits="0"/><line number="535" hits="0"/><line number="536" hits="0"/><line number="537" hits="0"/><line number="539" hits="0"/><line number="543" hits="0"/><line number="545" hits="0"/><line number="549" hits="0"/><line number="554" hits="156"/><line number="559" hits="312"/><line number="560" hits="468"/><line number="572" hits="16"/><line number="581" hits="16"/><line number="582" hits="16"/><line number="583" hits="16"/><line number="584" hits="16"/><line number="585" hits="16"/><line number="587" hits="16"/><line number="589" hits="16"/><line number="592" hits="15"/><line number="599" hits="26"/><line number="600" hits="4"/><line number="601" hits="11"/><line number="604" hits="11"/><line number="605" hits="11"/><line number="606" hits="0"/><line number="607" hits="0"/><line number="610" hits="11"/><line number="613" hits="13"/><line number="622" hits="13"/><line number="623" hits="13"/><line number="624" hits="13"/><line number="625" hits="13"/><line number="626" hits="13"/><line number="628" hits="13"/><line number="629" hits="13"/><line number="630" hits="13"/><line number="631" hits="13"/><line number="632" hits="13"/><line number="635" hits="13"/><line number="638" hits="112"/><line number="639" hits="112"/><line number="640" hits="112"/><line number="641" hits="29"/><line number="642" hits="10"/><line number="643" hits="10"/><line number="645" hits="0"/><line number="646" hits="0"/><line number="648" hits="2"/><line number="649" hits="2"/><line number="651" hits="71"/><line number="655" hits="233"/><line number="661" hits="233"/><line number="662" hits="77"/><line number="663" hits="77"/><line number="664" hits="77"/><line number="669" hits="77"/><line number="670" hits="77"/><line number="673" hits="0"/><line number="676" hits="0"/><line number="680" hits="79"/><line number="681" hits="79"/><line number="682" hits="79"/><line number="683" hits="79"/><line number="685" hits="79"/><line number="687" hits="79"/><line number="688" hits="79"/><line number="689" hits="79"/><line number="690" hits="79"/><line number="694" hits="76"/><line number="695" hits="76"/><line number="696" hits="76"/><line number="697" hits="76"/><line number="698" hits="76"/><line number="702" hits="0"/><line number="703" hits="0"/><line number="704" hits="0"/><line number="705" hits="0"/><line number="706" hits="0"/><line number="707" hits="0"/><line number="711" hits="1"/><line number="712" hits="1"/><line number="713" hits="1"/><line number="714" hits="1"/><line number="715" hits="1"/><line number="716" hits="1"/><line number="720" hits="0"/><line number="721" hits="0"/><line number="722" hits="0"/><line number="723" hits="0"/><line number="724" hits="0"/><line number="725" hits="0"/><line number="729" hits="0"/><line number="730" hits="0"/><line number="731" hits="0"/><line number="732" hits="0"/><line number="733" hits="0"/><line number="734" hits="0"/><line number="738" hits="0"/><line number="739" hits="0"/><line number="740" hits="0"/><line number="741" hits="0"/><line number="742" hits="0"/><line number="743" hits="0"/><line number="761" hits="0"/><line number="762" hits="0"/><line number="764" hits="0"/><line number="765" hits="0"/><line number="768" hits="0"/><line number="781" hits="29"/><line number="785" hits="29"/></lines></class><class name="protocol" filename="protocols/tell/src/protocol.rs" line-rate="1" branch-rate="0" complexity="0"><methods/><lines><line number="25" hits="23"/><line number="26" hits="23"/><line number="27" hits="22"/><line number="28" hits="1"/><line number="33" hits="23"/><line number="34" hits="23"/><line number="36" hits="22"/><line number="38" hits="1"/><line number="59" hits="1365"/><line number="60" hits="1365"/><line number="72" hits="80"/><line number="73" hits="80"/><line number="85" hits="80"/><line number="90" hits="80"/></lines></class></classes></package><package name="kore-base/src/evaluation/runner" line-rate="0" branch-rate="0" complexity="0"><classes></classes></package><package name="kore-base/src/approval" line-rate="0" branch-rate="0" complexity="0"><classes><class name="request" filename="kore-base/src/approval/request.rs" line-rate="0" branch-rate="0" complexity="0"><methods/><lines><line number="42" hits="0"/><line number="46" hits="0"/><line number="47" hits="0"/></lines></class><class name="response" filename="kore-base/src/approval/response.rs" line-rate="0" branch-rate="0" complexity="0"><methods/><lines><line number="31" hits="0"/><line number="35" hits="0"/><line number="36" hits="0"/><line number="37" hits="0"/></lines></class></classes></package><package name="identity/src/identifier/derive" line-rate="0.5384615384615384" branch-rate="0" complexity="0"><classes><class name="digest" filename="identity/src/identifier/derive/digest.rs" line-rate="0.3898305084745763" branch-rate="0" complexity="0"><methods/><lines><line number="42" hits="61"/><line number="43" hits="61"/><line number="44" hits="44"/><line number="45" hits="0"/><line number="46" hits="17"/><line number="47" hits="0"/><line number="48" hits="0"/><line number="49" hits="0"/><line number="60" hits="113"/><line number="61" hits="113"/><line number="62" hits="107"/><line number="63" hits="0"/><line number="64" hits="6"/><line number="65" hits="0"/><line number="66" hits="0"/><line number="67" hits="0"/><line number="72" hits="45"/><line number="73" hits="45"/><line number="74" hits="45"/><line number="75" hits="0"/><line number="79" hits="30"/><line number="80" hits="30"/><line number="81" hits="30"/><line number="82" hits="0"/><line number="90" hits="15"/><line number="91" hits="15"/><line number="92" hits="30"/><line number="93" hits="0"/><line number="94" hits="0"/><line number="95" hits="0"/><line number="96" hits="0"/><line number="97" hits="0"/><line number="98" hits="0"/><line number="99" hits="0"/><line number="101" hits="0"/><line number="107" hits="44"/><line number="108" hits="44"/><line number="112" hits="0"/><line number="113" hits="0"/><line number="114" hits="0"/><line number="115" hits="0"/><line number="116" hits="0"/><line number="117" hits="0"/><line number="121" hits="17"/><line number="122" hits="17"/><line number="123" hits="17"/><line number="124" hits="17"/><line number="128" hits="0"/><line number="129" hits="0"/><line number="130" hits="0"/><line number="131" hits="0"/><line number="135" hits="0"/><line number="136" hits="0"/><line number="137" hits="0"/><line number="138" hits="0"/><line number="142" hits="0"/><line number="143" hits="0"/><line number="144" hits="0"/><line number="145" hits="0"/></lines></class><class name="key" filename="identity/src/identifier/derive/key.rs" line-rate="0.6666666666666666" branch-rate="0" complexity="0"><methods/><lines><line number="34" hits="0"/><line number="35" hits="0"/><line number="38" hits="0"/><line number="39" hits="0"/><line number="40" hits="0"/><line number="41" hits="0"/><line number="47" hits="129"/><line number="48" hits="129"/><line number="49" hits="129"/><line number="53" hits="86"/><line number="54" hits="86"/><line number="55" hits="82"/><line number="56" hits="4"/><line number="60" hits="105"/><line number="61" hits="105"/><line number="62" hits="104"/><line number="63" hits="1"/><line number="72" hits="43"/><line number="73" hits="43"/><line number="74" hits="0"/><line number="76" hits="43"/><line number="77" hits="84"/><line number="78" hits="4"/><line number="79" hits="0"/></lines></class><class name="mod" filename="identity/src/identifier/derive/mod.rs" line-rate="1" branch-rate="0" complexity="0"><methods/><lines><line number="15" hits="136"/><line number="16" hits="136"/></lines></class><class name="signature" filename="identity/src/identifier/derive/signature.rs" line-rate="0.7894736842105263" branch-rate="0" complexity="0"><methods/><lines><line number="32" hits="0"/><line number="33" hits="0"/><line number="38" hits="30"/><line number="39" hits="30"/><line number="40" hits="30"/><line number="44" hits="20"/><line number="45" hits="20"/><line number="46" hits="20"/><line number="50" hits="25"/><line number="51" hits="25"/><line number="52" hits="24"/><line number="53" hits="1"/><line number="62" hits="10"/><line number="63" hits="10"/><line number="64" hits="20"/><line number="65" hits="17"/><line number="66" hits="6"/><line number="67" hits="0"/><line number="69" hits="0"/></lines></class></classes></package></packages></coverage>